[0723/230517.827:ERROR:process_reader_win.cc(123)] NtOpenThread: {Acesso Negado} Um processo solicitou acesso a um objeto, mas o direito de acesso não lhe foi concedido. (0xc0000022)
[0723/230517.838:ERROR:process_reader_win.cc(123)] NtOpenThread: {Acesso Negado} Um processo solicitou acesso a um objeto, mas o direito de acesso não lhe foi concedido. (0xc0000022)
[0723/230517.845:ERROR:process_reader_win.cc(123)] NtOpenThread: {Acesso Negado} Um processo solicitou acesso a um objeto, mas o direito de acesso não lhe foi concedido. (0xc0000022)
[0723/230517.832:ERROR:process_reader_win.cc(123)] NtOpenThread: {Acesso Negado} Um processo solicitou acesso a um objeto, mas o direito de acesso não lhe foi concedido. (0xc0000022)
[0723/230517.834:ERROR:process_reader_win.cc(123)] NtOpenThread: {Acesso Negado} Um processo solicitou acesso a um objeto, mas o direito de acesso não lhe foi concedido. (0xc0000022)
[0723/230517.836:ERROR:process_reader_win.cc(123)] NtOpenThread: {Acesso Negado} Um processo solicitou acesso a um objeto, mas o direito de acesso não lhe foi concedido. (0xc0000022)
[0723/230517.861:ERROR:exception_snapshot_win.cc(98)] thread ID 8488 not found in process
[0723/230517.861:ERROR:exception_snapshot_win.cc(98)] thread ID 7272 not found in process
[0723/230517.861:ERROR:exception_snapshot_win.cc(98)] thread ID 11952 not found in process
[0723/230517.861:ERROR:exception_snapshot_win.cc(98)] thread ID 14396 not found in process
[0723/230517.861:ERROR:exception_snapshot_win.cc(98)] thread ID 17360 not found in process
[0723/230517.861:ERROR:exception_snapshot_win.cc(98)] thread ID 6392 not found in process
[0814/000707.755:ERROR:process_reader_win.cc(123)] NtOpenThread: {Acesso Negado} Um processo solicitou acesso a um objeto, mas o direito de acesso não lhe foi concedido. (0xc0000022)
[0814/000707.755:ERROR:process_reader_win.cc(123)] NtOpenThread: {Acesso Negado} Um processo solicitou acesso a um objeto, mas o direito de acesso não lhe foi concedido. (0xc0000022)
[0814/000707.755:ERROR:process_reader_win.cc(123)] NtOpenThread: {Acesso Negado} Um processo solicitou acesso a um objeto, mas o direito de acesso não lhe foi concedido. (0xc0000022)
[0814/000707.755:ERROR:process_reader_win.cc(123)] NtOpenThread: {Acesso Negado} Um processo solicitou acesso a um objeto, mas o direito de acesso não lhe foi concedido. (0xc0000022)
[0814/000707.866:ERROR:exception_snapshot_win.cc(98)] thread ID 17556 not found in process
[0814/000707.866:ERROR:exception_snapshot_win.cc(98)] thread ID 16800 not found in process
[0814/000707.867:ERROR:exception_snapshot_win.cc(98)] thread ID 2312 not found in process
[0814/000707.867:ERROR:exception_snapshot_win.cc(98)] thread ID 17528 not found in process
[0911/195212.602:ERROR:crash_report_database_win.cc(428)] unexpected header
[0916/141849.338:ERROR:crash_report_database_win.cc(428)] unexpected header
[0916/143254.862:ERROR:crash_report_database_win.cc(428)] unexpected header
[0916/144241.228:ERROR:crash_report_database_win.cc(428)] unexpected header
[0916/170633.292:ERROR:crash_report_database_win.cc(428)] unexpected header
[0916/190351.536:ERROR:crash_report_database_win.cc(428)] unexpected header
[0924/162857.713:ERROR:crash_report_database_win.cc(428)] unexpected header
[0928/162331.597:ERROR:crash_report_database_win.cc(428)] unexpected header
[0928/181301.189:ERROR:crash_report_database_win.cc(428)] unexpected header
[0928/213413.257:ERROR:crash_report_database_win.cc(428)] unexpected header
[0929/011825.688:ERROR:crash_report_database_win.cc(428)] unexpected header
[0929/023306.020:ERROR:crash_report_database_win.cc(428)] unexpected header
[0929/025457.266:ERROR:crash_report_database_win.cc(428)] unexpected header
[1001/220219.552:ERROR:crash_report_database_win.cc(428)] unexpected header
[1001/220744.848:ERROR:crash_report_database_win.cc(428)] unexpected header
[1003/160421.834:ERROR:crash_report_database_win.cc(428)] unexpected header
[1004/173518.822:ERROR:crash_report_database_win.cc(428)] unexpected header
[1004/181414.400:ERROR:crash_report_database_win.cc(428)] unexpected header
[1004/182900.069:ERROR:crash_report_database_win.cc(428)] unexpected header
[1005/162838.559:ERROR:crash_report_database_win.cc(428)] unexpected header
[1005/192218.056:ERROR:crash_report_database_win.cc(428)] unexpected header
[1006/213838.805:ERROR:crash_report_database_win.cc(428)] unexpected header
[1006/225258.686:ERROR:crash_report_database_win.cc(428)] unexpected header
[1007/022332.945:ERROR:crash_report_database_win.cc(428)] unexpected header
[1007/115056.393:ERROR:crash_report_database_win.cc(428)] unexpected header
[1014/183756.687:ERROR:crash_report_database_win.cc(457)] unexpected header
[1014/193231.431:ERROR:crash_report_database_win.cc(457)] unexpected header
[1014/213514.298:ERROR:crash_report_database_win.cc(457)] unexpected header
[1015/004933.775:ERROR:crash_report_database_win.cc(457)] unexpected header
[1015/162631.160:ERROR:crash_report_database_win.cc(457)] unexpected header
[1015/222428.716:ERROR:crash_report_database_win.cc(457)] unexpected header
[1016/144705.989:ERROR:crash_report_database_win.cc(457)] unexpected header
[1016/145706.267:ERROR:crash_report_database_win.cc(457)] unexpected header
[1016/145706.267:ERROR:directory_reader_win.cc(43)] FindFirstFile: O sistema não pode encontrar o caminho especificado. (0x3)
[1016/145706.268:ERROR:crash_report_database_win.cc(457)] unexpected header
[1016/145706.268:ERROR:crash_report_database_win.cc(457)] unexpected header
[1016/150205.996:ERROR:crash_report_database_win.cc(457)] unexpected header
[1016/151706.004:ERROR:crash_report_database_win.cc(457)] unexpected header
[1016/153206.014:ERROR:crash_report_database_win.cc(457)] unexpected header
[1016/154706.025:ERROR:crash_report_database_win.cc(457)] unexpected header
[1016/160206.031:ERROR:crash_report_database_win.cc(457)] unexpected header
[1016/161706.044:ERROR:crash_report_database_win.cc(457)] unexpected header
[1016/163206.051:ERROR:crash_report_database_win.cc(457)] unexpected header
[1016/164706.064:ERROR:crash_report_database_win.cc(457)] unexpected header
[1016/170206.076:ERROR:crash_report_database_win.cc(457)] unexpected header
[1016/171706.091:ERROR:crash_report_database_win.cc(457)] unexpected header
[1016/173206.104:ERROR:crash_report_database_win.cc(457)] unexpected header
[1016/174706.119:ERROR:crash_report_database_win.cc(457)] unexpected header
[1016/180206.134:ERROR:crash_report_database_win.cc(457)] unexpected header
[1016/181706.143:ERROR:crash_report_database_win.cc(457)] unexpected header
[1016/181808.212:ERROR:crash_report_database_win.cc(457)] unexpected header
[1016/183206.157:ERROR:crash_report_database_win.cc(457)] unexpected header
[1016/184706.163:ERROR:crash_report_database_win.cc(457)] unexpected header
[1016/190206.166:ERROR:crash_report_database_win.cc(457)] unexpected header
[1016/191706.173:ERROR:crash_report_database_win.cc(457)] unexpected header
[1016/193206.182:ERROR:crash_report_database_win.cc(457)] unexpected header
[1016/194706.188:ERROR:crash_report_database_win.cc(457)] unexpected header
[1016/200206.204:ERROR:crash_report_database_win.cc(457)] unexpected header
[1016/201706.206:ERROR:crash_report_database_win.cc(457)] unexpected header
[1016/203206.381:ERROR:crash_report_database_win.cc(457)] unexpected header
[1016/204706.478:ERROR:crash_report_database_win.cc(457)] unexpected header
[1016/210206.482:ERROR:crash_report_database_win.cc(457)] unexpected header
[1016/211706.494:ERROR:crash_report_database_win.cc(457)] unexpected header
[1016/213720.253:ERROR:crash_report_database_win.cc(457)] unexpected header
[1016/215220.260:ERROR:crash_report_database_win.cc(457)] unexpected header
[1016/220720.272:ERROR:crash_report_database_win.cc(457)] unexpected header
[1016/222220.399:ERROR:crash_report_database_win.cc(457)] unexpected header
[1016/223720.402:ERROR:crash_report_database_win.cc(457)] unexpected header
[1016/225225.665:ERROR:crash_report_database_win.cc(457)] unexpected header
[1016/230725.672:ERROR:crash_report_database_win.cc(457)] unexpected header
[1016/232225.674:ERROR:crash_report_database_win.cc(457)] unexpected header
[1016/233725.698:ERROR:crash_report_database_win.cc(457)] unexpected header
[1017/025639.656:ERROR:crash_report_database_win.cc(457)] unexpected header
[1017/031139.661:ERROR:crash_report_database_win.cc(457)] unexpected header
[1017/031902.960:ERROR:process_reader_win.cc(123)] NtOpenThread: {Acesso Negado} Um processo solicitou acesso a um objeto, mas o direito de acesso não lhe foi concedido. (0xc0000022)
[1017/031903.007:ERROR:exception_snapshot_win.cc(99)] thread ID 5212 not found in process
[1017/031903.194:ERROR:process_reader_win.cc(123)] NtOpenThread: {Acesso Negado} Um processo solicitou acesso a um objeto, mas o direito de acesso não lhe foi concedido. (0xc0000022)
[1017/031903.194:ERROR:exception_snapshot_win.cc(99)] thread ID 12368 not found in process
[1017/031903.194:ERROR:scoped_process_suspend.cc(40)] NtResumeProcess: Tentou-se acessar um processo de saída. (0xc000010a)
[1017/170224.493:ERROR:crash_report_database_win.cc(457)] unexpected header
